  am1 rhf singlet truste t=auto
9_hexagons5196.out
 Comment
 C             -1.2145  1    0.694  1    0.0  1 #   
 C             -1.2145  1    2.082  1    0.0  1 #   
 C             0.0  1    0.0  1    0.0  1 #   
 C             0.0  1    2.776  1    0.0  1 #   
 C             -2.4289999999999994  1    2.776  1    0.0  1 #   
 C             -3.6434999999999995  1    2.082  1    0.0  1 #   
 C             -2.4289999999999994  1    4.164  1    0.0  1 #   
 C             -4.858  1    2.776  1    0.0  1 #   
 C             1.2145  1    0.694  1    0.0  1 #   
 C             1.2145  1    2.082  1    0.0  1 #   
 C             2.429  1    2.776  1    0.0  1 #   
 C             0.0  1    4.164  1    0.0  1 #   
 C             3.6434999999999995  1    2.082  1    0.0  1 #   
 C             4.858  1    2.776  1    0.0  1 #   
 C             2.429  1    4.164  1    0.0  1 #   
 C             4.858  1    4.164  1    0.0  1 #   
 C             -3.6434999999999995  1    4.858  1    0.0  1 #   
 C             -1.2145  1    4.858  1    0.0  1 #   
 C             -4.858  1    4.164  1    0.0  1 #   
 C             -3.6434999999999995  1    6.2459999999999996  1    0.0  1 #   
 C             1.2145  1    4.858  1    0.0  1 #   
 C             -1.2145  1    6.2459999999999996  1    0.0  1 #   
 C             3.6434999999999995  1    4.858  1    0.0  1 #   
 C             1.2145  1    6.2459999999999996  1    0.0  1 #   
 C             -2.429  1    6.9399999999999995  1    0.0  1 #   
 C             0.0  1    6.9399999999999995  1    0.0  1 #   
 C             -2.429  1    8.328  1    0.0  1 #   
 C             2.429  1    6.9399999999999995  1    0.0  1 #   
 C             0.0  1    8.328  1    0.0  1 #   
 C             3.6434999999999995  1    6.2459999999999996  1    0.0  1 #   
 C             4.858  1    6.9399999999999995  1    0.0  1 #   
 C             2.429  1    8.328  1    0.0  1 #   
 C             4.858  1    8.328  1    0.0  1 #   
 C             -1.2145  1    9.021999999999998  1    0.0  1 #   
 C             1.2145  1    9.021999999999998  1    0.0  1 #   
 C             3.6434999999999995  1    9.021999999999998  1    0.0  1 #   
 H             -2.082  1    0.19829999999999998  1    0.0  1 #   
 H             -2.0215  1    2.2923  1    0.7  1 #   
 H             -1.6219999999999994  1    2.5656999999999996  1    -0.7  1 #   
 H             0.0  1    -1.0  1    0.0  1 #   
 H             -3.6434999999999995  1    1.0819999999999999  1    0.0  1 #   
 H             -5.725499999999999  1    2.2803  1    0.0  1 #   
 H             2.082  1    0.19829999999999998  1    0.0  1 #   
 H             3.6434999999999995  1    1.0819999999999999  1    0.0  1 #   
 H             5.725499999999999  1    2.2803  1    0.0  1 #   
 H             5.725499999999999  1    4.6597  1    0.0  1 #   
 H             -5.725499999999999  1    4.6597  1    0.0  1 #   
 H             -4.510999999999999  1    6.7417  1    0.0  1 #   
 H             3.6434999999999995  1    5.358  1    0.9  1 #   
 H             3.6434999999999995  1    5.7459999999999996  1    -0.9  1 #   
 H             -3.2965  1    8.823699999999999  1    0.0  1 #   
 H             5.725499999999999  1    6.444299999999999  1    0.0  1 #   
 H             5.725499999999999  1    8.823699999999999  1    0.0  1 #   
 H             -1.2145  1    10.021999999999998  1    0.0  1 #   
 H             1.2145  1    10.021999999999998  1    0.0  1 #   
 H             3.6434999999999995  1    10.021999999999998  1    0.0  1 #   
 0             0.0  0    0.0  0    0.0  0
